Add component (AddParameter): Name = "Body Length"; Value = "4 mm"; VariantName = "[No Variations]"
Add component (AddParameter): Name = "Class"; Value = "Connector"; VariantName = "[No Variations]"
Add component (AddParameter): Name = "Datasheet"; Value = "http://www.molex.com/webdocs/datasheets/pdf/en-us/0734120110_RF_COAX_CONNECTORS.pdf"; VariantName = "[No Variations]"
Add component (AddParameter): Name = "IEC-class"; Value = "Connector"; VariantName = "[No Variations]"
Add component (AddParameter): Name = "Sub-class"; Value = "Serial Bus"; VariantName = "[No Variations]"
Add component (AddParameter): Name = "Terminal Pitch"; Value = "3 mm"; VariantName = "[No Variations]"
Added Component: Designator=J?(CON RF)
Add component. Clean all parameters for all variants
Add component (AddParameter): Name = "Body Length"; Value = "4 mm"; VariantName = "[No Variations]"
Add component (AddParameter): Name = "Class"; Value = "Connector"; VariantName = "[No Variations]"
Add component (AddParameter): Name = "Datasheet"; Value = "http://www.molex.com/webdocs/datasheets/pdf/en-us/0734120110_RF_COAX_CONNECTORS.pdf"; VariantName = "[No Variations]"
Add component (AddParameter): Name = "IEC-class"; Value = "Connector"; VariantName = "[No Variations]"
Add component (AddParameter): Name = "Sub-class"; Value = "Serial Bus"; VariantName = "[No Variations]"
Add component (AddParameter): Name = "Terminal Pitch"; Value = "3 mm"; VariantName = "[No Variations]"
Add component (AddParameter): Name = "ComponentLink1Description"; Value = "Manufacturer Link"; VariantName = "[No Variations]"
Add component (AddParameter): Name = "ComponentLink1URL"; Value = "http://www.st.com/"; VariantName = "[No Variations]"
Add component (AddParameter): Name = "ComponentLink2Description"; Value = "Datasheet"; VariantName = "[No Variations]"
Add component (AddParameter): Name = "ComponentLink2URL"; Value = "http://www.st.com/stonline/products/literature/ds/1330/l293d.pdf"; VariantName = "[No Variations]"
Add component (AddParameter): Name = "DatasheetVersion"; Value = "Jun-1996"; VariantName = "[No Variations]"
Add component (AddParameter): Name = "LatestRevisionDate"; Value = "06-Jun-2005"; VariantName = "[No Variations]"
Add component (AddParameter): Name = "LatestRevisionNote"; Value = "Stylized 3D Model Added."; VariantName = "[No Variations]"
Add component (AddParameter): Name = "PackageDescription"; Value = "DIP; 16 Leads; Row Spacing 7.62 mm; Pitch 2.54 mm"; VariantName = "[No Variations]"
Add component (AddParameter): Name = "PackageReference"; Value = "DIP16"; VariantName = "[No Variations]"
Add component (AddParameter): Name = "PackageVersion"; Value = "Apr-1996"; VariantName = "[No Variations]"
Add component (AddParameter): Name = "Published"; Value = "8-Jun-2000"; VariantName = "[No Variations]"
Add component (AddParameter): Name = "Publisher"; Value = "Altium Limited"; VariantName = "[No Variations]"
Added Component: Designator=U?(DIP16)
Add component. Clean all parameters for all variants
Add component (AddParameter): Name = "ComponentLink1Description"; Value = "Manufacturer Link"; VariantName = "[No Variations]"
Add component (AddParameter): Name = "ComponentLink1URL"; Value = "http://www.st.com/"; VariantName = "[No Variations]"
Add component (AddParameter): Name = "ComponentLink2Description"; Value = "Datasheet"; VariantName = "[No Variations]"
Add component (AddParameter): Name = "ComponentLink2URL"; Value = "http://www.st.com/stonline/products/literature/ds/1330/l293d.pdf"; VariantName = "[No Variations]"
Add component (AddParameter): Name = "DatasheetVersion"; Value = "Jun-1996"; VariantName = "[No Variations]"
Add component (AddParameter): Name = "LatestRevisionDate"; Value = "06-Jun-2005"; VariantName = "[No Variations]"
Add component (AddParameter): Name = "LatestRevisionNote"; Value = "Stylized 3D Model Added."; VariantName = "[No Variations]"
Add component (AddParameter): Name = "PackageDescription"; Value = "DIP; 16 Leads; Row Spacing 7.62 mm; Pitch 2.54 mm"; VariantName = "[No Variations]"
Add component (AddParameter): Name = "PackageReference"; Value = "DIP16"; VariantName = "[No Variations]"
Add component (AddParameter): Name = "PackageVersion"; Value = "Apr-1996"; VariantName = "[No Variations]"
Add component (AddParameter): Name = "Published"; Value = "8-Jun-2000"; VariantName = "[No Variations]"
Add component (AddParameter): Name = "Publisher"; Value = "Altium Limited"; VariantName = "[No Variations]"
Added Pin To Net: NetName=GND Pin=IC1-31
Added Pin To Net: NetName=VCC Pin=IC1-32
Added Pin To Net: NetName=GND Pin=U?-4
Added Pin To Net: NetName=GND Pin=U?-5
Added Pin To Net: NetName=VCC Pin=U?-8
Added Pin To Net: NetName=DongcoA Pin=IC1-27
Added Pin To Net: NetName=DongcoA Pin=IC4-7
Added Net: Name=DongcoA
Added Pin To Net: NetName=DongcoB Pin=IC1-28
Added Pin To Net: NetName=DongcoB Pin=IC4-1
Added Net: Name=DongcoB
Added Pin To Net: NetName=DongcoC Pin=IC1-29
Added Pin To Net: NetName=DongcoC Pin=IC4-2
Added Net: Name=DongcoC
Added Pin To Net: NetName=DongcoD Pin=IC1-30
Added Pin To Net: NetName=DongcoD Pin=IC4-6
Added Net: Name=DongcoD
Added Pin To Net: NetName=PWM Pin=IC1-17
Added Pin To Net: NetName=PWM Pin=U?-1
Added Net: Name=PWM
Added Member To Class: ClassName=AT long bus (13.3 x 4.2 inches) Member=Component J? 73412-0110
Added Member To Class: ClassName=AT long bus (13.3 x 4.2 inches) Member=Component U? L293D
