Add component (AddParameter): Name = "Colour"; Value = "Blue"; VariantName = "[No Variations]"
Add component (AddParameter): Name = "ComponentLink1Description"; Value = "Manufacturer Link"; VariantName = "[No Variations]"
Add component (AddParameter): Name = "ComponentLink1URL"; Value = "http://www.agilent.com/"; VariantName = "[No Variations]"
Add component (AddParameter): Name = "DatasheetDocument"; Value = "24-Sep-2002"; VariantName = "[No Variations]"
Add component (AddParameter): Name = "LatestRevisionDate"; Value = "17-Dec-2003"; VariantName = "[No Variations]"
Add component (AddParameter): Name = "LatestRevisionNote"; Value = "Schematic revised, PCB Footprint replaced."; VariantName = "[No Variations]"
Add component (AddParameter): Name = "MinimumIntensity"; Value = "2020 ucd"; VariantName = "[No Variations]"
Add component (AddParameter): Name = "Note"; Value = "IF = 10 mA"; VariantName = "[No Variations]"
Add component (AddParameter): Name = "PackageDocument"; Value = "24-Sep-2002"; VariantName = "[No Variations]"
Add component (AddParameter): Name = "PackageReference"; Value = "H"; VariantName = "[No Variations]"
Add component (AddParameter): Name = "Published"; Value = "8-Jun-2000"; VariantName = "[No Variations]"
Add component (AddParameter): Name = "Publisher"; Value = "Altium Limited"; VariantName = "[No Variations]"
Added Component: Designator=DS?(LED7SEG-1-0.56)
Add component. Clean all parameters for all variants
Add component (AddParameter): Name = "Colour"; Value = "Blue"; VariantName = "[No Variations]"
Add component (AddParameter): Name = "ComponentLink1Description"; Value = "Manufacturer Link"; VariantName = "[No Variations]"
Add component (AddParameter): Name = "ComponentLink1URL"; Value = "http://www.agilent.com/"; VariantName = "[No Variations]"
Add component (AddParameter): Name = "DatasheetDocument"; Value = "24-Sep-2002"; VariantName = "[No Variations]"
Add component (AddParameter): Name = "LatestRevisionDate"; Value = "17-Dec-2003"; VariantName = "[No Variations]"
Add component (AddParameter): Name = "LatestRevisionNote"; Value = "Schematic revised, PCB Footprint replaced."; VariantName = "[No Variations]"
Add component (AddParameter): Name = "MinimumIntensity"; Value = "2020 ucd"; VariantName = "[No Variations]"
Add component (AddParameter): Name = "Note"; Value = "IF = 10 mA"; VariantName = "[No Variations]"
Add component (AddParameter): Name = "PackageDocument"; Value = "24-Sep-2002"; VariantName = "[No Variations]"
Add component (AddParameter): Name = "PackageReference"; Value = "H"; VariantName = "[No Variations]"
Add component (AddParameter): Name = "Published"; Value = "8-Jun-2000"; VariantName = "[No Variations]"
Add component (AddParameter): Name = "Publisher"; Value = "Altium Limited"; VariantName = "[No Variations]"
Add component (AddParameter): Name = "Colour"; Value = "Blue"; VariantName = "[No Variations]"
Add component (AddParameter): Name = "ComponentLink1Description"; Value = "Manufacturer Link"; VariantName = "[No Variations]"
Add component (AddParameter): Name = "ComponentLink1URL"; Value = "http://www.agilent.com/"; VariantName = "[No Variations]"
Add component (AddParameter): Name = "DatasheetDocument"; Value = "24-Sep-2002"; VariantName = "[No Variations]"
Add component (AddParameter): Name = "LatestRevisionDate"; Value = "17-Dec-2003"; VariantName = "[No Variations]"
Add component (AddParameter): Name = "LatestRevisionNote"; Value = "Schematic revised, PCB Footprint replaced."; VariantName = "[No Variations]"
Add component (AddParameter): Name = "MinimumIntensity"; Value = "2020 ucd"; VariantName = "[No Variations]"
Add component (AddParameter): Name = "Note"; Value = "IF = 10 mA"; VariantName = "[No Variations]"
Add component (AddParameter): Name = "PackageDocument"; Value = "24-Sep-2002"; VariantName = "[No Variations]"
Add component (AddParameter): Name = "PackageReference"; Value = "H"; VariantName = "[No Variations]"
Add component (AddParameter): Name = "Published"; Value = "8-Jun-2000"; VariantName = "[No Variations]"
Add component (AddParameter): Name = "Publisher"; Value = "Altium Limited"; VariantName = "[No Variations]"
Added Component: Designator=DS?(LED7SEG-1-0.56)
Add component. Clean all parameters for all variants
Add component (AddParameter): Name = "Colour"; Value = "Blue"; VariantName = "[No Variations]"
Add component (AddParameter): Name = "ComponentLink1Description"; Value = "Manufacturer Link"; VariantName = "[No Variations]"
Add component (AddParameter): Name = "ComponentLink1URL"; Value = "http://www.agilent.com/"; VariantName = "[No Variations]"
Add component (AddParameter): Name = "DatasheetDocument"; Value = "24-Sep-2002"; VariantName = "[No Variations]"
Add component (AddParameter): Name = "LatestRevisionDate"; Value = "17-Dec-2003"; VariantName = "[No Variations]"
Add component (AddParameter): Name = "LatestRevisionNote"; Value = "Schematic revised, PCB Footprint replaced."; VariantName = "[No Variations]"
Add component (AddParameter): Name = "MinimumIntensity"; Value = "2020 ucd"; VariantName = "[No Variations]"
Add component (AddParameter): Name = "Note"; Value = "IF = 10 mA"; VariantName = "[No Variations]"
Add component (AddParameter): Name = "PackageDocument"; Value = "24-Sep-2002"; VariantName = "[No Variations]"
Add component (AddParameter): Name = "PackageReference"; Value = "H"; VariantName = "[No Variations]"
Add component (AddParameter): Name = "Published"; Value = "8-Jun-2000"; VariantName = "[No Variations]"
Add component (AddParameter): Name = "Publisher"; Value = "Altium Limited"; VariantName = "[No Variations]"
Add component (AddParameter): Name = "Colour"; Value = "Blue"; VariantName = "[No Variations]"
Add component (AddParameter): Name = "ComponentLink1Description"; Value = "Manufacturer Link"; VariantName = "[No Variations]"
Add component (AddParameter): Name = "ComponentLink1URL"; Value = "http://www.agilent.com/"; VariantName = "[No Variations]"
Add component (AddParameter): Name = "DatasheetDocument"; Value = "24-Sep-2002"; VariantName = "[No Variations]"
Add component (AddParameter): Name = "LatestRevisionDate"; Value = "17-Dec-2003"; VariantName = "[No Variations]"
Add component (AddParameter): Name = "LatestRevisionNote"; Value = "Schematic revised, PCB Footprint replaced."; VariantName = "[No Variations]"
Add component (AddParameter): Name = "MinimumIntensity"; Value = "2020 ucd"; VariantName = "[No Variations]"
Add component (AddParameter): Name = "Note"; Value = "IF = 10 mA"; VariantName = "[No Variations]"
Add component (AddParameter): Name = "PackageDocument"; Value = "24-Sep-2002"; VariantName = "[No Variations]"
Add component (AddParameter): Name = "PackageReference"; Value = "H"; VariantName = "[No Variations]"
Add component (AddParameter): Name = "Published"; Value = "8-Jun-2000"; VariantName = "[No Variations]"
Add component (AddParameter): Name = "Publisher"; Value = "Altium Limited"; VariantName = "[No Variations]"
Added Component: Designator=DS?(LED7SEG-1-0.56)
Add component. Clean all parameters for all variants
Add component (AddParameter): Name = "Colour"; Value = "Blue"; VariantName = "[No Variations]"
Add component (AddParameter): Name = "ComponentLink1Description"; Value = "Manufacturer Link"; VariantName = "[No Variations]"
Add component (AddParameter): Name = "ComponentLink1URL"; Value = "http://www.agilent.com/"; VariantName = "[No Variations]"
Add component (AddParameter): Name = "DatasheetDocument"; Value = "24-Sep-2002"; VariantName = "[No Variations]"
Add component (AddParameter): Name = "LatestRevisionDate"; Value = "17-Dec-2003"; VariantName = "[No Variations]"
Add component (AddParameter): Name = "LatestRevisionNote"; Value = "Schematic revised, PCB Footprint replaced."; VariantName = "[No Variations]"
Add component (AddParameter): Name = "MinimumIntensity"; Value = "2020 ucd"; VariantName = "[No Variations]"
Add component (AddParameter): Name = "Note"; Value = "IF = 10 mA"; VariantName = "[No Variations]"
Add component (AddParameter): Name = "PackageDocument"; Value = "24-Sep-2002"; VariantName = "[No Variations]"
Add component (AddParameter): Name = "PackageReference"; Value = "H"; VariantName = "[No Variations]"
Add component (AddParameter): Name = "Published"; Value = "8-Jun-2000"; VariantName = "[No Variations]"
Add component (AddParameter): Name = "Publisher"; Value = "Altium Limited"; VariantName = "[No Variations]"
Add component (AddParameter): Name = "Value"; Value = "7447 , 74247"; VariantName = "[No Variations]"
Added Component: Designator=IC?(DIP16/W0.3)
Add component. Clean all parameters for all variants
Add component (AddParameter): Name = "Value"; Value = "7447 , 74247"; VariantName = "[No Variations]"
Add component (AddParameter): Name = "Value"; Value = "7447 , 74247"; VariantName = "[No Variations]"
Added Component: Designator=IC?(DIP16/W0.3)
Add component. Clean all parameters for all variants
Add component (AddParameter): Name = "Value"; Value = "7447 , 74247"; VariantName = "[No Variations]"
Add component (AddParameter): Name = "Value"; Value = "7447 , 74247"; VariantName = "[No Variations]"
Added Component: Designator=IC?(DIP16/W0.3)
Add component. Clean all parameters for all variants
Add component (AddParameter): Name = "Value"; Value = "7447 , 74247"; VariantName = "[No Variations]"
Add component (AddParameter): Name = "Copyright by"; Value = "VanDungEvn"; VariantName = "[No Variations]"
Add component (AddParameter): Name = "Value"; Value = "PIC16F877A"; VariantName = "[No Variations]"
Added Component: Designator=IC?(DIP40/W0.6)
Add component. Clean all parameters for all variants
Add component (AddParameter): Name = "Copyright by"; Value = "VanDungEvn"; VariantName = "[No Variations]"
Add component (AddParameter): Name = "Value"; Value = "PIC16F877A"; VariantName = "[No Variations]"
Add component (AddParameter): Name = "ComponentLink1Description"; Value = "Manufacturer Link"; VariantName = "[No Variations]"
Add component (AddParameter): Name = "ComponentLink1URL"; Value = "http://www.st.com/"; VariantName = "[No Variations]"
Add component (AddParameter): Name = "ComponentLink2Description"; Value = "Datasheet"; VariantName = "[No Variations]"
Add component (AddParameter): Name = "ComponentLink2URL"; Value = "http://www.st.com/stonline/products/literature/ds/1330/l293d.pdf"; VariantName = "[No Variations]"
Add component (AddParameter): Name = "DatasheetVersion"; Value = "Jun-1996"; VariantName = "[No Variations]"
Add component (AddParameter): Name = "LatestRevisionDate"; Value = "06-Jun-2005"; VariantName = "[No Variations]"
Add component (AddParameter): Name = "LatestRevisionNote"; Value = "Stylized 3D Model Added."; VariantName = "[No Variations]"
Add component (AddParameter): Name = "PackageDescription"; Value = "DIP; 16 Leads; Row Spacing 7.62 mm; Pitch 2.54 mm"; VariantName = "[No Variations]"
Add component (AddParameter): Name = "PackageReference"; Value = "DIP16"; VariantName = "[No Variations]"
Add component (AddParameter): Name = "PackageVersion"; Value = "Apr-1996"; VariantName = "[No Variations]"
Add component (AddParameter): Name = "Published"; Value = "8-Jun-2000"; VariantName = "[No Variations]"
Add component (AddParameter): Name = "Publisher"; Value = "Altium Limited"; VariantName = "[No Variations]"
Added Component: Designator=U?(SO20)
Add component. Clean all parameters for all variants
Add component (AddParameter): Name = "ComponentLink1Description"; Value = "Manufacturer Link"; VariantName = "[No Variations]"
Add component (AddParameter): Name = "ComponentLink1URL"; Value = "http://www.st.com/"; VariantName = "[No Variations]"
Add component (AddParameter): Name = "ComponentLink2Description"; Value = "Datasheet"; VariantName = "[No Variations]"
Add component (AddParameter): Name = "ComponentLink2URL"; Value = "http://www.st.com/stonline/products/literature/ds/1330/l293d.pdf"; VariantName = "[No Variations]"
Add component (AddParameter): Name = "DatasheetVersion"; Value = "Jun-1996"; VariantName = "[No Variations]"
Add component (AddParameter): Name = "LatestRevisionDate"; Value = "06-Jun-2005"; VariantName = "[No Variations]"
Add component (AddParameter): Name = "LatestRevisionNote"; Value = "Stylized 3D Model Added."; VariantName = "[No Variations]"
Add component (AddParameter): Name = "PackageDescription"; Value = "DIP; 16 Leads; Row Spacing 7.62 mm; Pitch 2.54 mm"; VariantName = "[No Variations]"
Add component (AddParameter): Name = "PackageReference"; Value = "DIP16"; VariantName = "[No Variations]"
Add component (AddParameter): Name = "PackageVersion"; Value = "Apr-1996"; VariantName = "[No Variations]"
Add component (AddParameter): Name = "Published"; Value = "8-Jun-2000"; VariantName = "[No Variations]"
Add component (AddParameter): Name = "Publisher"; Value = "Altium Limited"; VariantName = "[No Variations]"
Added Pin To Net: NetName=GND Pin=IC?-3
Added Pin To Net: NetName=GND Pin=IC?-3
Added Pin To Net: NetName=GND Pin=IC?-3
Added Pin To Net: NetName=GND Pin=IC?-4
Added Pin To Net: NetName=GND Pin=IC?-4
Added Pin To Net: NetName=GND Pin=IC?-4
Added Pin To Net: NetName=GND Pin=IC?-5
Added Pin To Net: NetName=GND Pin=IC?-5
Added Pin To Net: NetName=GND Pin=IC?-5
Added Pin To Net: NetName=GND Pin=IC?-8
Added Pin To Net: NetName=GND Pin=IC?-8
Added Pin To Net: NetName=GND Pin=IC?-8
Added Net: Name=GND
Added Pin To Net: NetName=NetDS?_1 Pin=DS?-1
Added Pin To Net: NetName=NetDS?_1 Pin=IC?-9
Added Net: Name=NetDS?_1
Added Pin To Net: NetName=NetDS?_2 Pin=DS?-2
Added Pin To Net: NetName=NetDS?_2 Pin=IC?-10
Added Net: Name=NetDS?_2
Added Pin To Net: NetName=NetDS?_4 Pin=DS?-4
Added Pin To Net: NetName=NetDS?_4 Pin=IC?-11
Added Net: Name=NetDS?_4
Added Pin To Net: NetName=NetDS?_6 Pin=DS?-6
Added Pin To Net: NetName=NetDS?_6 Pin=IC?-12
Added Net: Name=NetDS?_6
Added Pin To Net: NetName=NetDS?_7 Pin=DS?-7
Added Pin To Net: NetName=NetDS?_7 Pin=IC?-13
Added Net: Name=NetDS?_7
Added Pin To Net: NetName=NetDS?_9 Pin=DS?-9
Added Pin To Net: NetName=NetDS?_9 Pin=IC?-15
Added Net: Name=NetDS?_9
Added Pin To Net: NetName=NetDS?_10 Pin=DS?-10
Added Pin To Net: NetName=NetDS?_10 Pin=IC?-14
Added Net: Name=NetDS?_10
Added Pin To Net: NetName=VCC Pin=DS?-8
Added Pin To Net: NetName=VCC Pin=DS?-8
Added Pin To Net: NetName=VCC Pin=DS?-8
Added Pin To Net: NetName=VCC Pin=IC?-16
Added Pin To Net: NetName=VCC Pin=IC?-16
Added Pin To Net: NetName=VCC Pin=IC?-16
Added Net: Name=VCC
Added Class: Name=AT long bus (13.3 x 4.2 inches)
Added Room: Name=AT long bus (13.3 x 4.2 inches)
